{"/Users/nowhere/mycode/slidememos/src/parsers/code-parser.ts": {"path":"/Users/nowhere/mycode/slidememos/src/parsers/code-parser.ts","statementMap":{"0":{"start":{"line":2,"column":52},"end":{"line":13,"column":null}},"1":{"start":{"line":18,"column":21},"end":{"line":18,"column":null}},"2":{"start":{"line":19,"column":2},"end":{"line":21,"column":null}},"3":{"start":{"line":20,"column":4},"end":{"line":20,"column":null}},"4":{"start":{"line":24,"column":15},"end":{"line":24,"column":null}},"5":{"start":{"line":27,"column":41},"end":{"line":27,"column":null}},"6":{"start":{"line":29,"column":2},"end":{"line":31,"column":null}},"7":{"start":{"line":30,"column":4},"end":{"line":30,"column":null}},"8":{"start":{"line":30,"column":48},"end":{"line":30,"column":66}},"9":{"start":{"line":34,"column":17},"end":{"line":34,"column":null}},"10":{"start":{"line":34,"column":55},"end":{"line":34,"column":66}},"11":{"start":{"line":37,"column":2},"end":{"line":39,"column":null}},"12":{"start":{"line":38,"column":4},"end":{"line":38,"column":null}},"13":{"start":{"line":41,"column":2},"end":{"line":43,"column":null}},"14":{"start":{"line":42,"column":4},"end":{"line":42,"column":null}},"15":{"start":{"line":45,"column":2},"end":{"line":45,"column":null}}},"fnMap":{"0":{"name":"detectCodeLanguage","decl":{"start":{"line":16,"column":16},"end":{"line":16,"column":35}},"loc":{"start":{"line":16,"column":60},"end":{"line":46,"column":null}},"line":16},"1":{"name":"(anonymous_1)","decl":{"start":{"line":30,"column":35},"end":{"line":30,"column":36}},"loc":{"start":{"line":30,"column":48},"end":{"line":30,"column":66}},"line":30},"2":{"name":"(anonymous_2)","decl":{"start":{"line":34,"column":45},"end":{"line":34,"column":46}},"loc":{"start":{"line":34,"column":55},"end":{"line":34,"column":66}},"line":34}},"branchMap":{"0":{"loc":{"start":{"line":19,"column":2},"end":{"line":21,"column":null}},"type":"if","locations":[{"start":{"line":19,"column":2},"end":{"line":21,"column":null}},{"start":{},"end":{}}],"line":19},"1":{"loc":{"start":{"line":19,"column":6},"end":{"line":19,"column":35}},"type":"binary-expr","locations":[{"start":{"line":19,"column":6},"end":{"line":19,"column":20}},{"start":{"line":19,"column":20},"end":{"line":19,"column":35}}],"line":19},"2":{"loc":{"start":{"line":37,"column":2},"end":{"line":39,"column":null}},"type":"if","locations":[{"start":{"line":37,"column":2},"end":{"line":39,"column":null}},{"start":{},"end":{}}],"line":37},"3":{"loc":{"start":{"line":37,"column":6},"end":{"line":37,"column":54}},"type":"binary-expr","locations":[{"start":{"line":37,"column":6},"end":{"line":37,"column":31}},{"start":{"line":37,"column":31},"end":{"line":37,"column":54}}],"line":37},"4":{"loc":{"start":{"line":41,"column":2},"end":{"line":43,"column":null}},"type":"if","locations":[{"start":{"line":41,"column":2},"end":{"line":43,"column":null}},{"start":{},"end":{}}],"line":41},"5":{"loc":{"start":{"line":41,"column":6},"end":{"line":41,"column":37}},"type":"binary-expr","locations":[{"start":{"line":41,"column":6},"end":{"line":41,"column":19}},{"start":{"line":41,"column":19},"end":{"line":41,"column":37}}],"line":41}},"s":{"0":1,"1":21,"2":21,"3":2,"4":19,"5":19,"6":19,"7":190,"8":741,"9":19,"10":311,"11":19,"12":2,"13":17,"14":14,"15":3},"f":{"0":21,"1":741,"2":311},"b":{"0":[2,19],"1":[21,2],"2":[2,17],"3":[19,3],"4":[14,3],"5":[17,17]},"meta":{"lastBranch":6,"lastFunction":3,"lastStatement":16,"seen":{"s:2:52:13:Infinity":0,"f:16:16:16:35":0,"s:18:21:18:Infinity":1,"b:19:2:21:Infinity:undefined:undefined:undefined:undefined":0,"s:19:2:21:Infinity":2,"b:19:6:19:20:19:20:19:35":1,"s:20:4:20:Infinity":3,"s:24:15:24:Infinity":4,"s:27:41:27:Infinity":5,"s:29:2:31:Infinity":6,"s:30:4:30:Infinity":7,"f:30:35:30:36":1,"s:30:48:30:66":8,"s:34:17:34:Infinity":9,"f:34:45:34:46":2,"s:34:55:34:66":10,"b:37:2:39:Infinity:undefined:undefined:undefined:undefined":2,"s:37:2:39:Infinity":11,"b:37:6:37:31:37:31:37:54":3,"s:38:4:38:Infinity":12,"b:41:2:43:Infinity:undefined:undefined:undefined:undefined":4,"s:41:2:43:Infinity":13,"b:41:6:41:19:41:19:41:37":5,"s:42:4:42:Infinity":14,"s:45:2:45:Infinity":15}}}
,"/Users/nowhere/mycode/slidememos/src/parsers/text-parser.ts": {"path":"/Users/nowhere/mycode/slidememos/src/parsers/text-parser.ts","statementMap":{"0":{"start":{"line":7,"column":25},"end":{"line":7,"column":null}},"1":{"start":{"line":11,"column":16},"end":{"line":11,"column":null}},"2":{"start":{"line":11,"column":53},"end":{"line":11,"column":64}},"3":{"start":{"line":12,"column":20},"end":{"line":12,"column":null}},"4":{"start":{"line":15,"column":23},"end":{"line":15,"column":null}},"5":{"start":{"line":16,"column":2},"end":{"line":21,"column":null}},"6":{"start":{"line":17,"column":4},"end":{"line":20,"column":null}},"7":{"start":{"line":24,"column":21},"end":{"line":24,"column":null}},"8":{"start":{"line":26,"column":2},"end":{"line":29,"column":null}},"9":{"start":{"line":34,"column":19},"end":{"line":43,"column":null}},"10":{"start":{"line":45,"column":2},"end":{"line":45,"column":null}},"11":{"start":{"line":45,"column":36},"end":{"line":45,"column":57}},"12":{"start":{"line":50,"column":18},"end":{"line":50,"column":null}},"13":{"start":{"line":51,"column":2},"end":{"line":53,"column":null}},"14":{"start":{"line":52,"column":4},"end":{"line":52,"column":null}},"15":{"start":{"line":54,"column":2},"end":{"line":54,"column":null}}},"fnMap":{"0":{"name":"parseText","decl":{"start":{"line":10,"column":16},"end":{"line":10,"column":26}},"loc":{"start":{"line":10,"column":60},"end":{"line":30,"column":null}},"line":10},"1":{"name":"(anonymous_1)","decl":{"start":{"line":11,"column":43},"end":{"line":11,"column":44}},"loc":{"start":{"line":11,"column":53},"end":{"line":11,"column":64}},"line":11},"2":{"name":"hasMarkdownPatterns","decl":{"start":{"line":33,"column":9},"end":{"line":33,"column":29}},"loc":{"start":{"line":33,"column":55},"end":{"line":46,"column":null}},"line":33},"3":{"name":"(anonymous_3)","decl":{"start":{"line":45,"column":23},"end":{"line":45,"column":24}},"loc":{"start":{"line":45,"column":36},"end":{"line":45,"column":57}},"line":45},"4":{"name":"truncate","decl":{"start":{"line":49,"column":9},"end":{"line":49,"column":18}},"loc":{"start":{"line":49,"column":58},"end":{"line":55,"column":null}},"line":49}},"branchMap":{"0":{"loc":{"start":{"line":12,"column":20},"end":{"line":12,"column":null}},"type":"binary-expr","locations":[{"start":{"line":12,"column":20},"end":{"line":12,"column":32}},{"start":{"line":12,"column":32},"end":{"line":12,"column":null}}],"line":12},"1":{"loc":{"start":{"line":16,"column":2},"end":{"line":21,"column":null}},"type":"if","locations":[{"start":{"line":16,"column":2},"end":{"line":21,"column":null}},{"start":{},"end":{}}],"line":16},"2":{"loc":{"start":{"line":51,"column":2},"end":{"line":53,"column":null}},"type":"if","locations":[{"start":{"line":51,"column":2},"end":{"line":53,"column":null}},{"start":{},"end":{}}],"line":51}},"s":{"0":1,"1":17,"2":33,"3":17,"4":17,"5":17,"6":3,"7":14,"8":14,"9":14,"10":14,"11":91,"12":17,"13":17,"14":10,"15":7},"f":{"0":17,"1":33,"2":14,"3":91,"4":17},"b":{"0":[17,2],"1":[3,14],"2":[10,7]},"meta":{"lastBranch":3,"lastFunction":5,"lastStatement":16,"seen":{"s:7:25:7:Infinity":0,"f:10:16:10:26":0,"s:11:16:11:Infinity":1,"f:11:43:11:44":1,"s:11:53:11:64":2,"s:12:20:12:Infinity":3,"b:12:20:12:32:12:32:12:Infinity":0,"s:15:23:15:Infinity":4,"b:16:2:21:Infinity:undefined:undefined:undefined:undefined":1,"s:16:2:21:Infinity":5,"s:17:4:20:Infinity":6,"s:24:21:24:Infinity":7,"s:26:2:29:Infinity":8,"f:33:9:33:29":2,"s:34:19:43:Infinity":9,"s:45:2:45:Infinity":10,"f:45:23:45:24":3,"s:45:36:45:57":11,"f:49:9:49:18":4,"s:50:18:50:Infinity":12,"b:51:2:53:Infinity:undefined:undefined:undefined:undefined":2,"s:51:2:53:Infinity":13,"s:52:4:52:Infinity":14,"s:54:2:54:Infinity":15}}}
,"/Users/nowhere/mycode/slidememos/src/parsers/url-parser.ts": {"path":"/Users/nowhere/mycode/slidememos/src/parsers/url-parser.ts","statementMap":{"0":{"start":{"line":9,"column":2},"end":{"line":24,"column":null}},"1":{"start":{"line":10,"column":21},"end":{"line":13,"column":null}},"2":{"start":{"line":15,"column":4},"end":{"line":17,"column":null}},"3":{"start":{"line":16,"column":6},"end":{"line":16,"column":null}},"4":{"start":{"line":19,"column":17},"end":{"line":19,"column":null}},"5":{"start":{"line":20,"column":4},"end":{"line":20,"column":null}},"6":{"start":{"line":23,"column":4},"end":{"line":23,"column":null}},"7":{"start":{"line":29,"column":33},"end":{"line":29,"column":null}},"8":{"start":{"line":32,"column":21},"end":{"line":32,"column":null}},"9":{"start":{"line":33,"column":2},"end":{"line":35,"column":null}},"10":{"start":{"line":34,"column":4},"end":{"line":34,"column":null}},"11":{"start":{"line":38,"column":23},"end":{"line":38,"column":null}},"12":{"start":{"line":39,"column":2},"end":{"line":41,"column":null}},"13":{"start":{"line":40,"column":4},"end":{"line":40,"column":null}},"14":{"start":{"line":44,"column":22},"end":{"line":46,"column":null}},"15":{"start":{"line":47,"column":2},"end":{"line":49,"column":null}},"16":{"start":{"line":48,"column":4},"end":{"line":48,"column":null}},"17":{"start":{"line":52,"column":23},"end":{"line":52,"column":null}},"18":{"start":{"line":53,"column":2},"end":{"line":57,"column":null}},"19":{"start":{"line":54,"column":4},"end":{"line":54,"column":null}},"20":{"start":{"line":56,"column":4},"end":{"line":56,"column":null}},"21":{"start":{"line":59,"column":2},"end":{"line":59,"column":null}},"22":{"start":{"line":64,"column":17},"end":{"line":64,"column":null}},"23":{"start":{"line":65,"column":2},"end":{"line":68,"column":null}},"24":{"start":{"line":73,"column":15},"end":{"line":73,"column":null}},"25":{"start":{"line":74,"column":14},"end":{"line":74,"column":null}},"26":{"start":{"line":76,"column":2},"end":{"line":78,"column":null}},"27":{"start":{"line":77,"column":4},"end":{"line":77,"column":null}},"28":{"start":{"line":80,"column":18},"end":{"line":99,"column":null}},"29":{"start":{"line":83,"column":22},"end":{"line":86,"column":null}},"30":{"start":{"line":84,"column":19},"end":{"line":84,"column":null}},"31":{"start":{"line":85,"column":8},"end":{"line":85,"column":null}},"32":{"start":{"line":89,"column":9},"end":{"line":90,"column":null}},"33":{"start":{"line":92,"column":6},"end":{"line":97,"column":null}},"34":{"start":{"line":101,"column":2},"end":{"line":101,"column":null}}},"fnMap":{"0":{"name":"parseURL","decl":{"start":{"line":8,"column":22},"end":{"line":8,"column":31}},"loc":{"start":{"line":8,"column":69},"end":{"line":25,"column":null}},"line":8},"1":{"name":"extractMetadata","decl":{"start":{"line":28,"column":9},"end":{"line":28,"column":25}},"loc":{"start":{"line":28,"column":68},"end":{"line":60,"column":null}},"line":28},"2":{"name":"fallbackParse","decl":{"start":{"line":63,"column":9},"end":{"line":63,"column":23}},"loc":{"start":{"line":63,"column":52},"end":{"line":69,"column":null}},"line":63},"3":{"name":"parseActiveTab","decl":{"start":{"line":72,"column":22},"end":{"line":72,"column":82}},"loc":{"start":{"line":72,"column":82},"end":{"line":102,"column":null}},"line":72},"4":{"name":"(anonymous_4)","decl":{"start":{"line":82,"column":10},"end":{"line":82,"column":16}},"loc":{"start":{"line":82,"column":16},"end":{"line":98,"column":null}},"line":82},"5":{"name":"(anonymous_5)","decl":{"start":{"line":83,"column":22},"end":{"line":83,"column":23}},"loc":{"start":{"line":83,"column":40},"end":{"line":86,"column":null}},"line":83}},"branchMap":{"0":{"loc":{"start":{"line":15,"column":4},"end":{"line":17,"column":null}},"type":"if","locations":[{"start":{"line":15,"column":4},"end":{"line":17,"column":null}},{"start":{},"end":{}}],"line":15},"1":{"loc":{"start":{"line":33,"column":2},"end":{"line":35,"column":null}},"type":"if","locations":[{"start":{"line":33,"column":2},"end":{"line":35,"column":null}},{"start":{},"end":{}}],"line":33},"2":{"loc":{"start":{"line":39,"column":2},"end":{"line":41,"column":null}},"type":"if","locations":[{"start":{"line":39,"column":2},"end":{"line":41,"column":null}},{"start":{},"end":{}}],"line":39},"3":{"loc":{"start":{"line":47,"column":2},"end":{"line":49,"column":null}},"type":"if","locations":[{"start":{"line":47,"column":2},"end":{"line":49,"column":null}},{"start":{},"end":{}}],"line":47},"4":{"loc":{"start":{"line":53,"column":2},"end":{"line":57,"column":null}},"type":"if","locations":[{"start":{"line":53,"column":2},"end":{"line":57,"column":null}},{"start":{"line":55,"column":9},"end":{"line":57,"column":null}}],"line":53},"5":{"loc":{"start":{"line":76,"column":2},"end":{"line":78,"column":null}},"type":"if","locations":[{"start":{"line":76,"column":2},"end":{"line":78,"column":null}},{"start":{},"end":{}}],"line":76},"6":{"loc":{"start":{"line":76,"column":6},"end":{"line":76,"column":28}},"type":"binary-expr","locations":[{"start":{"line":76,"column":6},"end":{"line":76,"column":18}},{"start":{"line":76,"column":18},"end":{"line":76,"column":28}}],"line":76},"7":{"loc":{"start":{"line":85,"column":15},"end":{"line":85,"column":null}},"type":"binary-expr","locations":[{"start":{"line":85,"column":15},"end":{"line":85,"column":46}},{"start":{"line":85,"column":46},"end":{"line":85,"column":null}}],"line":85},"8":{"loc":{"start":{"line":89,"column":9},"end":{"line":90,"column":null}},"type":"binary-expr","locations":[{"start":{"line":89,"column":9},"end":{"line":89,"column":null}},{"start":{"line":90,"column":8},"end":{"line":90,"column":null}}],"line":89},"9":{"loc":{"start":{"line":93,"column":15},"end":{"line":93,"column":null}},"type":"binary-expr","locations":[{"start":{"line":93,"column":15},"end":{"line":93,"column":38}},{"start":{"line":93,"column":38},"end":{"line":93,"column":null}}],"line":93},"10":{"loc":{"start":{"line":94,"column":23},"end":{"line":94,"column":null}},"type":"binary-expr","locations":[{"start":{"line":94,"column":23},"end":{"line":94,"column":52}},{"start":{"line":94,"column":52},"end":{"line":94,"column":null}}],"line":94}},"s":{"0":7,"1":7,"2":6,"3":1,"4":5,"5":5,"6":1,"7":5,"8":5,"9":5,"10":2,"11":5,"12":5,"13":1,"14":5,"15":5,"16":1,"17":5,"18":5,"19":3,"20":2,"21":5,"22":2,"23":2,"24":3,"25":3,"26":3,"27":2,"28":1,"29":0,"30":0,"31":0,"32":0,"33":0,"34":1},"f":{"0":7,"1":5,"2":2,"3":3,"4":0,"5":0},"b":{"0":[1,5],"1":[2,3],"2":[1,4],"3":[1,4],"4":[3,2],"5":[2,1],"6":[3,2],"7":[0,0],"8":[0,0],"9":[0,0],"10":[0,0]},"meta":{"lastBranch":11,"lastFunction":6,"lastStatement":35,"seen":{"f:8:22:8:31":0,"s:9:2:24:Infinity":0,"s:10:21:13:Infinity":1,"b:15:4:17:Infinity:undefined:undefined:undefined:undefined":0,"s:15:4:17:Infinity":2,"s:16:6:16:Infinity":3,"s:19:17:19:Infinity":4,"s:20:4:20:Infinity":5,"s:23:4:23:Infinity":6,"f:28:9:28:25":1,"s:29:33:29:Infinity":7,"s:32:21:32:Infinity":8,"b:33:2:35:Infinity:undefined:undefined:undefined:undefined":1,"s:33:2:35:Infinity":9,"s:34:4:34:Infinity":10,"s:38:23:38:Infinity":11,"b:39:2:41:Infinity:undefined:undefined:undefined:undefined":2,"s:39:2:41:Infinity":12,"s:40:4:40:Infinity":13,"s:44:22:46:Infinity":14,"b:47:2:49:Infinity:undefined:undefined:undefined:undefined":3,"s:47:2:49:Infinity":15,"s:48:4:48:Infinity":16,"s:52:23:52:Infinity":17,"b:53:2:57:Infinity:55:9:57:Infinity":4,"s:53:2:57:Infinity":18,"s:54:4:54:Infinity":19,"s:56:4:56:Infinity":20,"s:59:2:59:Infinity":21,"f:63:9:63:23":2,"s:64:17:64:Infinity":22,"s:65:2:68:Infinity":23,"f:72:22:72:82":3,"s:73:15:73:Infinity":24,"s:74:14:74:Infinity":25,"b:76:2:78:Infinity:undefined:undefined:undefined:undefined":5,"s:76:2:78:Infinity":26,"b:76:6:76:18:76:18:76:28":6,"s:77:4:77:Infinity":27,"s:80:18:99:Infinity":28,"f:82:10:82:16":4,"s:83:22:86:Infinity":29,"f:83:22:83:23":5,"s:84:19:84:Infinity":30,"s:85:8:85:Infinity":31,"b:85:15:85:46:85:46:85:Infinity":7,"s:89:9:90:Infinity":32,"b:89:9:89:Infinity:90:8:90:Infinity":8,"s:92:6:97:Infinity":33,"b:93:15:93:38:93:38:93:Infinity":9,"b:94:23:94:52:94:52:94:Infinity":10,"s:101:2:101:Infinity":34}}}
,"/Users/nowhere/mycode/slidememos/src/storage/engine.ts": {"path":"/Users/nowhere/mycode/slidememos/src/storage/engine.ts","statementMap":{"0":{"start":{"line":9,"column":33},"end":{"line":9,"column":null}},"1":{"start":{"line":10,"column":19},"end":{"line":10,"column":null}},"2":{"start":{"line":12,"column":2},"end":{"line":12,"column":null}},"3":{"start":{"line":12,"column":33},"end":{"line":12,"column":58}},"4":{"start":{"line":17,"column":24},"end":{"line":20,"column":null}},"5":{"start":{"line":23,"column":19},"end":{"line":23,"column":null}},"6":{"start":{"line":24,"column":19},"end":{"line":24,"column":null}},"7":{"start":{"line":25,"column":20},"end":{"line":25,"column":null}},"8":{"start":{"line":28,"column":18},"end":{"line":28,"column":null}},"9":{"start":{"line":30,"column":20},"end":{"line":30,"column":null}},"10":{"start":{"line":31,"column":2},"end":{"line":40,"column":null}},"11":{"start":{"line":32,"column":4},"end":{"line":39,"column":null}},"12":{"start":{"line":34,"column":6},"end":{"line":34,"column":null}},"13":{"start":{"line":35,"column":6},"end":{"line":35,"column":null}},"14":{"start":{"line":38,"column":6},"end":{"line":38,"column":null}},"15":{"start":{"line":42,"column":2},"end":{"line":46,"column":null}},"16":{"start":{"line":44,"column":4},"end":{"line":44,"column":null}},"17":{"start":{"line":45,"column":4},"end":{"line":45,"column":null}},"18":{"start":{"line":49,"column":2},"end":{"line":49,"column":null}},"19":{"start":{"line":51,"column":2},"end":{"line":51,"column":null}},"20":{"start":{"line":57,"column":24},"end":{"line":67,"column":null}},"21":{"start":{"line":69,"column":2},"end":{"line":92,"column":null}},"22":{"start":{"line":70,"column":4},"end":{"line":70,"column":null}},"23":{"start":{"line":72,"column":21},"end":{"line":72,"column":null}},"24":{"start":{"line":73,"column":18},"end":{"line":73,"column":null}},"25":{"start":{"line":73,"column":50},"end":{"line":73,"column":66}},"26":{"start":{"line":74,"column":4},"end":{"line":91,"column":null}},"27":{"start":{"line":75,"column":6},"end":{"line":75,"column":null}},"28":{"start":{"line":77,"column":23},"end":{"line":77,"column":null}},"29":{"start":{"line":78,"column":6},"end":{"line":86,"column":null}},"30":{"start":{"line":80,"column":8},"end":{"line":80,"column":null}},"31":{"start":{"line":81,"column":8},"end":{"line":81,"column":null}},"32":{"start":{"line":82,"column":8},"end":{"line":82,"column":null}},"33":{"start":{"line":83,"column":8},"end":{"line":83,"column":null}},"34":{"start":{"line":85,"column":8},"end":{"line":85,"column":null}},"35":{"start":{"line":89,"column":6},"end":{"line":89,"column":null}},"36":{"start":{"line":90,"column":6},"end":{"line":90,"column":null}},"37":{"start":{"line":94,"column":2},"end":{"line":94,"column":null}},"38":{"start":{"line":95,"column":2},"end":{"line":95,"column":null}},"39":{"start":{"line":100,"column":2},"end":{"line":106,"column":null}},"40":{"start":{"line":101,"column":4},"end":{"line":101,"column":null}},"41":{"start":{"line":103,"column":21},"end":{"line":103,"column":null}},"42":{"start":{"line":104,"column":4},"end":{"line":104,"column":null}},"43":{"start":{"line":104,"column":50},"end":{"line":104,"column":66}},"44":{"start":{"line":105,"column":4},"end":{"line":105,"column":null}},"45":{"start":{"line":108,"column":2},"end":{"line":108,"column":null}},"46":{"start":{"line":113,"column":2},"end":{"line":144,"column":null}},"47":{"start":{"line":114,"column":21},"end":{"line":114,"column":null}},"48":{"start":{"line":115,"column":4},"end":{"line":115,"column":null}},"49":{"start":{"line":115,"column":37},"end":{"line":115,"column":null}},"50":{"start":{"line":117,"column":21},"end":{"line":117,"column":null}},"51":{"start":{"line":118,"column":4},"end":{"line":141,"column":null}},"52":{"start":{"line":120,"column":6},"end":{"line":120,"column":null}},"53":{"start":{"line":121,"column":25},"end":{"line":121,"column":null}},"54":{"start":{"line":122,"column":28},"end":{"line":122,"column":null}},"55":{"start":{"line":122,"column":55},"end":{"line":122,"column":83}},"56":{"start":{"line":125,"column":26},"end":{"line":125,"column":null}},"57":{"start":{"line":126,"column":6},"end":{"line":133,"column":null}},"58":{"start":{"line":127,"column":20},"end":{"line":127,"column":null}},"59":{"start":{"line":127,"column":49},"end":{"line":127,"column":65}},"60":{"start":{"line":128,"column":8},"end":{"line":132,"column":null}},"61":{"start":{"line":129,"column":10},"end":{"line":129,"column":null}},"62":{"start":{"line":131,"column":10},"end":{"line":131,"column":null}},"63":{"start":{"line":136,"column":6},"end":{"line":136,"column":null}},"64":{"start":{"line":139,"column":6},"end":{"line":139,"column":null}},"65":{"start":{"line":140,"column":6},"end":{"line":140,"column":null}},"66":{"start":{"line":143,"column":4},"end":{"line":143,"column":null}},"67":{"start":{"line":150,"column":2},"end":{"line":150,"column":null}},"68":{"start":{"line":152,"column":16},"end":{"line":152,"column":null}},"69":{"start":{"line":153,"column":2},"end":{"line":153,"column":null}},"70":{"start":{"line":154,"column":2},"end":{"line":154,"column":null}},"71":{"start":{"line":159,"column":16},"end":{"line":159,"column":null}},"72":{"start":{"line":160,"column":2},"end":{"line":160,"column":null}},"73":{"start":{"line":160,"column":27},"end":{"line":160,"column":70}},"74":{"start":{"line":168,"column":24},"end":{"line":168,"column":null}},"75":{"start":{"line":169,"column":22},"end":{"line":169,"column":null}},"76":{"start":{"line":169,"column":55},"end":{"line":169,"column":59}},"77":{"start":{"line":171,"column":17},"end":{"line":171,"column":null}},"78":{"start":{"line":172,"column":16},"end":{"line":172,"column":null}},"79":{"start":{"line":173,"column":15},"end":{"line":173,"column":null}},"80":{"start":{"line":176,"column":32},"end":{"line":176,"column":null}},"81":{"start":{"line":178,"column":2},"end":{"line":200,"column":null}},"82":{"start":{"line":179,"column":4},"end":{"line":199,"column":null}},"83":{"start":{"line":180,"column":21},"end":{"line":180,"column":null}},"84":{"start":{"line":182,"column":6},"end":{"line":196,"column":null}},"85":{"start":{"line":183,"column":8},"end":{"line":192,"column":null}},"86":{"start":{"line":184,"column":10},"end":{"line":184,"column":null}},"87":{"start":{"line":185,"column":10},"end":{"line":185,"column":null}},"88":{"start":{"line":186,"column":8},"end":{"line":192,"column":null}},"89":{"start":{"line":187,"column":10},"end":{"line":187,"column":null}},"90":{"start":{"line":188,"column":10},"end":{"line":188,"column":null}},"91":{"start":{"line":189,"column":8},"end":{"line":192,"column":null}},"92":{"start":{"line":190,"column":10},"end":{"line":190,"column":null}},"93":{"start":{"line":191,"column":10},"end":{"line":191,"column":null}},"94":{"start":{"line":194,"column":8},"end":{"line":194,"column":null}},"95":{"start":{"line":195,"column":8},"end":{"line":195,"column":null}},"96":{"start":{"line":198,"column":6},"end":{"line":198,"column":null}},"97":{"start":{"line":203,"column":2},"end":{"line":232,"column":null}},"98":{"start":{"line":204,"column":4},"end":{"line":231,"column":null}},"99":{"start":{"line":206,"column":25},"end":{"line":206,"column":null}},"100":{"start":{"line":206,"column":51},"end":{"line":206,"column":79}},"101":{"start":{"line":209,"column":28},"end":{"line":209,"column":null}},"102":{"start":{"line":212,"column":26},"end":{"line":212,"column":null}},"103":{"start":{"line":213,"column":6},"end":{"line":220,"column":null}},"104":{"start":{"line":214,"column":20},"end":{"line":214,"column":null}},"105":{"start":{"line":214,"column":49},"end":{"line":214,"column":65}},"106":{"start":{"line":215,"column":8},"end":{"line":219,"column":null}},"107":{"start":{"line":216,"column":10},"end":{"line":216,"column":null}},"108":{"start":{"line":218,"column":10},"end":{"line":218,"column":null}},"109":{"start":{"line":223,"column":6},"end":{"line":223,"column":null}},"110":{"start":{"line":226,"column":6},"end":{"line":226,"column":null}},"111":{"start":{"line":229,"column":6},"end":{"line":229,"column":null}},"112":{"start":{"line":230,"column":6},"end":{"line":230,"column":null}},"113":{"start":{"line":234,"column":2},"end":{"line":234,"column":null}},"114":{"start":{"line":239,"column":2},"end":{"line":239,"column":null}},"115":{"start":{"line":239,"column":28},"end":{"line":239,"column":null}},"116":{"start":{"line":240,"column":2},"end":{"line":250,"column":null}},"117":{"start":{"line":242,"column":6},"end":{"line":249,"column":null}}},"fnMap":{"0":{"name":"getAllMemos","decl":{"start":{"line":8,"column":22},"end":{"line":8,"column":53}},"loc":{"start":{"line":8,"column":53},"end":{"line":13,"column":null}},"line":8},"1":{"name":"(anonymous_1)","decl":{"start":{"line":12,"column":23},"end":{"line":12,"column":24}},"loc":{"start":{"line":12,"column":33},"end":{"line":12,"column":58}},"line":12},"2":{"name":"saveMemo","decl":{"start":{"line":16,"column":22},"end":{"line":16,"column":31}},"loc":{"start":{"line":16,"column":70},"end":{"line":52,"column":null}},"line":16},"3":{"name":"updateMemo","decl":{"start":{"line":55,"column":22},"end":{"line":55,"column":33}},"loc":{"start":{"line":55,"column":60},"end":{"line":96,"column":null}},"line":55},"4":{"name":"(anonymous_4)","decl":{"start":{"line":73,"column":43},"end":{"line":73,"column":44}},"loc":{"start":{"line":73,"column":50},"end":{"line":73,"column":66}},"line":73},"5":{"name":"deleteMemo","decl":{"start":{"line":99,"column":22},"end":{"line":99,"column":33}},"loc":{"start":{"line":99,"column":60},"end":{"line":109,"column":null}},"line":99},"6":{"name":"(anonymous_6)","decl":{"start":{"line":104,"column":43},"end":{"line":104,"column":44}},"loc":{"start":{"line":104,"column":50},"end":{"line":104,"column":66}},"line":104},"7":{"name":"migrateIfNeeded","decl":{"start":{"line":112,"column":15},"end":{"line":112,"column":48}},"loc":{"start":{"line":112,"column":48},"end":{"line":145,"column":null}},"line":112},"8":{"name":"(anonymous_8)","decl":{"start":{"line":122,"column":47},"end":{"line":122,"column":48}},"loc":{"start":{"line":122,"column":55},"end":{"line":122,"column":83}},"line":122},"9":{"name":"(anonymous_9)","decl":{"start":{"line":127,"column":42},"end":{"line":127,"column":43}},"loc":{"start":{"line":127,"column":49},"end":{"line":127,"column":65}},"line":127},"10":{"name":"initStorage","decl":{"start":{"line":148,"column":22},"end":{"line":148,"column":53}},"loc":{"start":{"line":148,"column":53},"end":{"line":155,"column":null}},"line":148},"11":{"name":"findMemoByUrl","decl":{"start":{"line":158,"column":22},"end":{"line":158,"column":36}},"loc":{"start":{"line":158,"column":76},"end":{"line":161,"column":null}},"line":158},"12":{"name":"(anonymous_12)","decl":{"start":{"line":160,"column":20},"end":{"line":160,"column":21}},"loc":{"start":{"line":160,"column":27},"end":{"line":160,"column":70}},"line":160},"13":{"name":"importMemos","decl":{"start":{"line":164,"column":22},"end":{"line":164,"column":null}},"loc":{"start":{"line":167,"column":66},"end":{"line":235,"column":null}},"line":167},"14":{"name":"(anonymous_14)","decl":{"start":{"line":169,"column":48},"end":{"line":169,"column":49}},"loc":{"start":{"line":169,"column":55},"end":{"line":169,"column":59}},"line":169},"15":{"name":"(anonymous_15)","decl":{"start":{"line":206,"column":43},"end":{"line":206,"column":44}},"loc":{"start":{"line":206,"column":51},"end":{"line":206,"column":79}},"line":206},"16":{"name":"(anonymous_16)","decl":{"start":{"line":214,"column":42},"end":{"line":214,"column":43}},"loc":{"start":{"line":214,"column":49},"end":{"line":214,"column":65}},"line":214},"17":{"name":"validateMemoData","decl":{"start":{"line":238,"column":16},"end":{"line":238,"column":33}},"loc":{"start":{"line":238,"column":64},"end":{"line":251,"column":null}},"line":238},"18":{"name":"(anonymous_18)","decl":{"start":{"line":241,"column":4},"end":{"line":241,"column":5}},"loc":{"start":{"line":242,"column":6},"end":{"line":249,"column":null}},"line":242}},"branchMap":{"0":{"loc":{"start":{"line":28,"column":18},"end":{"line":28,"column":null}},"type":"binary-expr","locations":[{"start":{"line":28,"column":18},"end":{"line":28,"column":38}},{"start":{"line":28,"column":38},"end":{"line":28,"column":null}}],"line":28},"1":{"loc":{"start":{"line":31,"column":2},"end":{"line":40,"column":null}},"type":"if","locations":[{"start":{"line":31,"column":2},"end":{"line":40,"column":null}},{"start":{},"end":{}}],"line":31},"2":{"loc":{"start":{"line":42,"column":2},"end":{"line":46,"column":null}},"type":"if","locations":[{"start":{"line":42,"column":2},"end":{"line":46,"column":null}},{"start":{},"end":{}}],"line":42},"3":{"loc":{"start":{"line":62,"column":14},"end":{"line":62,"column":null}},"type":"cond-expr","locations":[{"start":{"line":62,"column":30},"end":{"line":62,"column":53}},{"start":{"line":62,"column":53},"end":{"line":62,"column":null}}],"line":62},"4":{"loc":{"start":{"line":69,"column":2},"end":{"line":92,"column":null}},"type":"if","locations":[{"start":{"line":69,"column":2},"end":{"line":92,"column":null}},{"start":{"line":71,"column":9},"end":{"line":92,"column":null}}],"line":69},"5":{"loc":{"start":{"line":74,"column":4},"end":{"line":91,"column":null}},"type":"if","locations":[{"start":{"line":74,"column":4},"end":{"line":91,"column":null}},{"start":{"line":87,"column":11},"end":{"line":91,"column":null}}],"line":74},"6":{"loc":{"start":{"line":78,"column":6},"end":{"line":86,"column":null}},"type":"if","locations":[{"start":{"line":78,"column":6},"end":{"line":86,"column":null}},{"start":{"line":84,"column":13},"end":{"line":86,"column":null}}],"line":78},"7":{"loc":{"start":{"line":100,"column":2},"end":{"line":106,"column":null}},"type":"if","locations":[{"start":{"line":100,"column":2},"end":{"line":106,"column":null}},{"start":{"line":102,"column":9},"end":{"line":106,"column":null}}],"line":100},"8":{"loc":{"start":{"line":115,"column":4},"end":{"line":115,"column":null}},"type":"if","locations":[{"start":{"line":115,"column":4},"end":{"line":115,"column":null}},{"start":{},"end":{}}],"line":115},"9":{"loc":{"start":{"line":118,"column":4},"end":{"line":141,"column":null}},"type":"if","locations":[{"start":{"line":118,"column":4},"end":{"line":141,"column":null}},{"start":{},"end":{}}],"line":118},"10":{"loc":{"start":{"line":128,"column":8},"end":{"line":132,"column":null}},"type":"if","locations":[{"start":{"line":128,"column":8},"end":{"line":132,"column":null}},{"start":{"line":130,"column":15},"end":{"line":132,"column":null}}],"line":128},"11":{"loc":{"start":{"line":160,"column":27},"end":{"line":160,"column":70}},"type":"binary-expr","locations":[{"start":{"line":160,"column":27},"end":{"line":160,"column":47}},{"start":{"line":160,"column":47},"end":{"line":160,"column":70}}],"line":160},"12":{"loc":{"start":{"line":166,"column":2},"end":{"line":166,"column":null}},"type":"default-arg","locations":[{"start":{"line":166,"column":49},"end":{"line":166,"column":null}}],"line":166},"13":{"loc":{"start":{"line":182,"column":6},"end":{"line":196,"column":null}},"type":"if","locations":[{"start":{"line":182,"column":6},"end":{"line":196,"column":null}},{"start":{"line":193,"column":13},"end":{"line":196,"column":null}}],"line":182},"14":{"loc":{"start":{"line":183,"column":8},"end":{"line":192,"column":null}},"type":"if","locations":[{"start":{"line":183,"column":8},"end":{"line":192,"column":null}},{"start":{"line":186,"column":8},"end":{"line":192,"column":null}}],"line":183},"15":{"loc":{"start":{"line":186,"column":8},"end":{"line":192,"column":null}},"type":"if","locations":[{"start":{"line":186,"column":8},"end":{"line":192,"column":null}},{"start":{"line":189,"column":8},"end":{"line":192,"column":null}}],"line":186},"16":{"loc":{"start":{"line":189,"column":8},"end":{"line":192,"column":null}},"type":"if","locations":[{"start":{"line":189,"column":8},"end":{"line":192,"column":null}},{"start":{},"end":{}}],"line":189},"17":{"loc":{"start":{"line":203,"column":2},"end":{"line":232,"column":null}},"type":"if","locations":[{"start":{"line":203,"column":2},"end":{"line":232,"column":null}},{"start":{},"end":{}}],"line":203},"18":{"loc":{"start":{"line":215,"column":8},"end":{"line":219,"column":null}},"type":"if","locations":[{"start":{"line":215,"column":8},"end":{"line":219,"column":null}},{"start":{"line":217,"column":15},"end":{"line":219,"column":null}}],"line":215},"19":{"loc":{"start":{"line":239,"column":2},"end":{"line":239,"column":null}},"type":"if","locations":[{"start":{"line":239,"column":2},"end":{"line":239,"column":null}},{"start":{},"end":{}}],"line":239},"20":{"loc":{"start":{"line":242,"column":6},"end":{"line":249,"column":null}},"type":"binary-expr","locations":[{"start":{"line":242,"column":6},"end":{"line":242,"column":null}},{"start":{"line":243,"column":6},"end":{"line":243,"column":null}},{"start":{"line":244,"column":6},"end":{"line":244,"column":null}},{"start":{"line":245,"column":6},"end":{"line":245,"column":null}},{"start":{"line":246,"column":6},"end":{"line":246,"column":null}},{"start":{"line":247,"column":6},"end":{"line":247,"column":null}},{"start":{"line":248,"column":6},"end":{"line":248,"column":null}},{"start":{"line":249,"column":6},"end":{"line":249,"column":null}}],"line":242}},"s":{"0":14,"1":14,"2":14,"3":4,"4":3,"5":3,"6":3,"7":3,"8":3,"9":3,"10":3,"11":2,"12":2,"13":2,"14":0,"15":3,"16":1,"17":1,"18":3,"19":3,"20":3,"21":3,"22":1,"23":2,"24":2,"25":3,"26":2,"27":2,"28":2,"29":2,"30":1,"31":1,"32":1,"33":1,"34":1,"35":0,"36":0,"37":3,"38":3,"39":2,"40":1,"41":1,"42":1,"43":1,"44":1,"45":2,"46":1,"47":1,"48":1,"49":0,"50":1,"51":1,"52":0,"53":0,"54":0,"55":0,"56":0,"57":0,"58":0,"59":0,"60":0,"61":0,"62":0,"63":0,"64":0,"65":0,"66":0,"67":1,"68":1,"69":1,"70":1,"71":3,"72":3,"73":2,"74":4,"75":4,"76":3,"77":4,"78":4,"79":4,"80":4,"81":4,"82":5,"83":5,"84":5,"85":3,"86":1,"87":1,"88":2,"89":1,"90":1,"91":1,"92":1,"93":1,"94":2,"95":2,"96":0,"97":4,"98":3,"99":3,"100":4,"101":3,"102":3,"103":3,"104":4,"105":1,"106":4,"107":0,"108":4,"109":3,"110":3,"111":0,"112":0,"113":4,"114":6,"115":3,"116":3,"117":3},"f":{"0":14,"1":4,"2":3,"3":3,"4":3,"5":2,"6":1,"7":1,"8":0,"9":0,"10":1,"11":3,"12":2,"13":4,"14":3,"15":4,"16":1,"17":6,"18":3},"b":{"0":[3,2],"1":[2,1],"2":[1,2],"3":[0,3],"4":[1,2],"5":[2,0],"6":[1,1],"7":[1,1],"8":[0,1],"9":[0,1],"10":[0,0],"11":[2,1],"12":[4],"13":[3,2],"14":[1,2],"15":[1,1],"16":[1,0],"17":[3,1],"18":[0,4],"19":[3,3],"20":[3,3,3,2,2,2,1,1]},"meta":{"lastBranch":21,"lastFunction":19,"lastStatement":118,"seen":{"f:8:22:8:53":0,"s:9:33:9:Infinity":0,"s:10:19:10:Infinity":1,"s:12:2:12:Infinity":2,"f:12:23:12:24":1,"s:12:33:12:58":3,"f:16:22:16:31":2,"s:17:24:20:Infinity":4,"s:23:19:23:Infinity":5,"s:24:19:24:Infinity":6,"s:25:20:25:Infinity":7,"s:28:18:28:Infinity":8,"b:28:18:28:38:28:38:28:Infinity":0,"s:30:20:30:Infinity":9,"b:31:2:40:Infinity:undefined:undefined:undefined:undefined":1,"s:31:2:40:Infinity":10,"s:32:4:39:Infinity":11,"s:34:6:34:Infinity":12,"s:35:6:35:Infinity":13,"s:38:6:38:Infinity":14,"b:42:2:46:Infinity:undefined:undefined:undefined:undefined":2,"s:42:2:46:Infinity":15,"s:44:4:44:Infinity":16,"s:45:4:45:Infinity":17,"s:49:2:49:Infinity":18,"s:51:2:51:Infinity":19,"f:55:22:55:33":3,"s:57:24:67:Infinity":20,"b:62:30:62:53:62:53:62:Infinity":3,"b:69:2:92:Infinity:71:9:92:Infinity":4,"s:69:2:92:Infinity":21,"s:70:4:70:Infinity":22,"s:72:21:72:Infinity":23,"s:73:18:73:Infinity":24,"f:73:43:73:44":4,"s:73:50:73:66":25,"b:74:4:91:Infinity:87:11:91:Infinity":5,"s:74:4:91:Infinity":26,"s:75:6:75:Infinity":27,"s:77:23:77:Infinity":28,"b:78:6:86:Infinity:84:13:86:Infinity":6,"s:78:6:86:Infinity":29,"s:80:8:80:Infinity":30,"s:81:8:81:Infinity":31,"s:82:8:82:Infinity":32,"s:83:8:83:Infinity":33,"s:85:8:85:Infinity":34,"s:89:6:89:Infinity":35,"s:90:6:90:Infinity":36,"s:94:2:94:Infinity":37,"s:95:2:95:Infinity":38,"f:99:22:99:33":5,"b:100:2:106:Infinity:102:9:106:Infinity":7,"s:100:2:106:Infinity":39,"s:101:4:101:Infinity":40,"s:103:21:103:Infinity":41,"s:104:4:104:Infinity":42,"f:104:43:104:44":6,"s:104:50:104:66":43,"s:105:4:105:Infinity":44,"s:108:2:108:Infinity":45,"f:112:15:112:48":7,"s:113:2:144:Infinity":46,"s:114:21:114:Infinity":47,"b:115:4:115:Infinity:undefined:undefined:undefined:undefined":8,"s:115:4:115:Infinity":48,"s:115:37:115:Infinity":49,"s:117:21:117:Infinity":50,"b:118:4:141:Infinity:undefined:undefined:undefined:undefined":9,"s:118:4:141:Infinity":51,"s:120:6:120:Infinity":52,"s:121:25:121:Infinity":53,"s:122:28:122:Infinity":54,"f:122:47:122:48":8,"s:122:55:122:83":55,"s:125:26:125:Infinity":56,"s:126:6:133:Infinity":57,"s:127:20:127:Infinity":58,"f:127:42:127:43":9,"s:127:49:127:65":59,"b:128:8:132:Infinity:130:15:132:Infinity":10,"s:128:8:132:Infinity":60,"s:129:10:129:Infinity":61,"s:131:10:131:Infinity":62,"s:136:6:136:Infinity":63,"s:139:6:139:Infinity":64,"s:140:6:140:Infinity":65,"s:143:4:143:Infinity":66,"f:148:22:148:53":10,"s:150:2:150:Infinity":67,"s:152:16:152:Infinity":68,"s:153:2:153:Infinity":69,"s:154:2:154:Infinity":70,"f:158:22:158:36":11,"s:159:16:159:Infinity":71,"s:160:2:160:Infinity":72,"f:160:20:160:21":12,"s:160:27:160:70":73,"b:160:27:160:47:160:47:160:70":11,"f:164:22:164:Infinity":13,"b:166:49:166:Infinity":12,"s:168:24:168:Infinity":74,"s:169:22:169:Infinity":75,"f:169:48:169:49":14,"s:169:55:169:59":76,"s:171:17:171:Infinity":77,"s:172:16:172:Infinity":78,"s:173:15:173:Infinity":79,"s:176:32:176:Infinity":80,"s:178:2:200:Infinity":81,"s:179:4:199:Infinity":82,"s:180:21:180:Infinity":83,"b:182:6:196:Infinity:193:13:196:Infinity":13,"s:182:6:196:Infinity":84,"b:183:8:192:Infinity:186:8:192:Infinity":14,"s:183:8:192:Infinity":85,"s:184:10:184:Infinity":86,"s:185:10:185:Infinity":87,"b:186:8:192:Infinity:189:8:192:Infinity":15,"s:186:8:192:Infinity":88,"s:187:10:187:Infinity":89,"s:188:10:188:Infinity":90,"b:189:8:192:Infinity:undefined:undefined:undefined:undefined":16,"s:189:8:192:Infinity":91,"s:190:10:190:Infinity":92,"s:191:10:191:Infinity":93,"s:194:8:194:Infinity":94,"s:195:8:195:Infinity":95,"s:198:6:198:Infinity":96,"b:203:2:232:Infinity:undefined:undefined:undefined:undefined":17,"s:203:2:232:Infinity":97,"s:204:4:231:Infinity":98,"s:206:25:206:Infinity":99,"f:206:43:206:44":15,"s:206:51:206:79":100,"s:209:28:209:Infinity":101,"s:212:26:212:Infinity":102,"s:213:6:220:Infinity":103,"s:214:20:214:Infinity":104,"f:214:42:214:43":16,"s:214:49:214:65":105,"b:215:8:219:Infinity:217:15:219:Infinity":18,"s:215:8:219:Infinity":106,"s:216:10:216:Infinity":107,"s:218:10:218:Infinity":108,"s:223:6:223:Infinity":109,"s:226:6:226:Infinity":110,"s:229:6:229:Infinity":111,"s:230:6:230:Infinity":112,"s:234:2:234:Infinity":113,"f:238:16:238:33":17,"b:239:2:239:Infinity:undefined:undefined:undefined:undefined":19,"s:239:2:239:Infinity":114,"s:239:28:239:Infinity":115,"s:240:2:250:Infinity":116,"f:241:4:241:5":18,"s:242:6:249:Infinity":117,"b:242:6:242:Infinity:243:6:243:Infinity:244:6:244:Infinity:245:6:245:Infinity:246:6:246:Infinity:247:6:247:Infinity:248:6:248:Infinity:249:6:249:Infinity":20}}}
,"/Users/nowhere/mycode/slidememos/src/storage/local.ts": {"path":"/Users/nowhere/mycode/slidememos/src/storage/local.ts","statementMap":{"0":{"start":{"line":3,"column":24},"end":{"line":3,"column":null}},"1":{"start":{"line":7,"column":15},"end":{"line":7,"column":null}},"2":{"start":{"line":8,"column":2},"end":{"line":8,"column":null}},"3":{"start":{"line":13,"column":2},"end":{"line":13,"column":null}},"4":{"start":{"line":18,"column":16},"end":{"line":18,"column":null}},"5":{"start":{"line":19,"column":16},"end":{"line":19,"column":null}},"6":{"start":{"line":19,"column":39},"end":{"line":19,"column":55}},"7":{"start":{"line":20,"column":2},"end":{"line":24,"column":null}},"8":{"start":{"line":21,"column":4},"end":{"line":21,"column":null}},"9":{"start":{"line":23,"column":4},"end":{"line":23,"column":null}},"10":{"start":{"line":25,"column":2},"end":{"line":25,"column":null}},"11":{"start":{"line":30,"column":16},"end":{"line":30,"column":null}},"12":{"start":{"line":31,"column":19},"end":{"line":31,"column":null}},"13":{"start":{"line":31,"column":39},"end":{"line":31,"column":50}},"14":{"start":{"line":32,"column":2},"end":{"line":32,"column":null}}},"fnMap":{"0":{"name":"getLocalMemos","decl":{"start":{"line":6,"column":22},"end":{"line":6,"column":55}},"loc":{"start":{"line":6,"column":55},"end":{"line":9,"column":null}},"line":6},"1":{"name":"saveLocalMemos","decl":{"start":{"line":12,"column":22},"end":{"line":12,"column":37}},"loc":{"start":{"line":12,"column":67},"end":{"line":14,"column":null}},"line":12},"2":{"name":"addLocalMemo","decl":{"start":{"line":17,"column":22},"end":{"line":17,"column":35}},"loc":{"start":{"line":17,"column":62},"end":{"line":26,"column":null}},"line":17},"3":{"name":"(anonymous_3)","decl":{"start":{"line":19,"column":32},"end":{"line":19,"column":33}},"loc":{"start":{"line":19,"column":39},"end":{"line":19,"column":55}},"line":19},"4":{"name":"deleteLocalMemo","decl":{"start":{"line":29,"column":22},"end":{"line":29,"column":38}},"loc":{"start":{"line":29,"column":65},"end":{"line":33,"column":null}},"line":29},"5":{"name":"(anonymous_5)","decl":{"start":{"line":31,"column":32},"end":{"line":31,"column":33}},"loc":{"start":{"line":31,"column":39},"end":{"line":31,"column":50}},"line":31}},"branchMap":{"0":{"loc":{"start":{"line":8,"column":9},"end":{"line":8,"column":null}},"type":"binary-expr","locations":[{"start":{"line":8,"column":9},"end":{"line":8,"column":34}},{"start":{"line":8,"column":34},"end":{"line":8,"column":null}}],"line":8},"1":{"loc":{"start":{"line":20,"column":2},"end":{"line":24,"column":null}},"type":"if","locations":[{"start":{"line":20,"column":2},"end":{"line":24,"column":null}},{"start":{"line":22,"column":9},"end":{"line":24,"column":null}}],"line":20}},"s":{"0":1,"1":10,"2":9,"3":10,"4":3,"5":3,"6":2,"7":3,"8":1,"9":2,"10":3,"11":4,"12":4,"13":5,"14":4},"f":{"0":10,"1":10,"2":3,"3":2,"4":4,"5":5},"b":{"0":[9,3],"1":[1,2]},"meta":{"lastBranch":2,"lastFunction":6,"lastStatement":15,"seen":{"s:3:24:3:Infinity":0,"f:6:22:6:55":0,"s:7:15:7:Infinity":1,"s:8:2:8:Infinity":2,"b:8:9:8:34:8:34:8:Infinity":0,"f:12:22:12:37":1,"s:13:2:13:Infinity":3,"f:17:22:17:35":2,"s:18:16:18:Infinity":4,"s:19:16:19:Infinity":5,"f:19:32:19:33":3,"s:19:39:19:55":6,"b:20:2:24:Infinity:22:9:24:Infinity":1,"s:20:2:24:Infinity":7,"s:21:4:21:Infinity":8,"s:23:4:23:Infinity":9,"s:25:2:25:Infinity":10,"f:29:22:29:38":4,"s:30:16:30:Infinity":11,"s:31:19:31:Infinity":12,"f:31:32:31:33":5,"s:31:39:31:50":13,"s:32:2:32:Infinity":14}}}
,"/Users/nowhere/mycode/slidememos/src/storage/session.ts": {"path":"/Users/nowhere/mycode/slidememos/src/storage/session.ts","statementMap":{"0":{"start":{"line":1,"column":18},"end":{"line":1,"column":null}},"1":{"start":{"line":2,"column":22},"end":{"line":2,"column":null}},"2":{"start":{"line":6,"column":15},"end":{"line":6,"column":null}},"3":{"start":{"line":7,"column":2},"end":{"line":7,"column":null}},"4":{"start":{"line":12,"column":2},"end":{"line":12,"column":null}},"5":{"start":{"line":17,"column":2},"end":{"line":17,"column":null}},"6":{"start":{"line":22,"column":16},"end":{"line":22,"column":null}},"7":{"start":{"line":23,"column":2},"end":{"line":23,"column":null}},"8":{"start":{"line":28,"column":15},"end":{"line":28,"column":null}},"9":{"start":{"line":29,"column":2},"end":{"line":29,"column":null}},"10":{"start":{"line":34,"column":2},"end":{"line":34,"column":null}}},"fnMap":{"0":{"name":"getDraft","decl":{"start":{"line":5,"column":22},"end":{"line":5,"column":50}},"loc":{"start":{"line":5,"column":50},"end":{"line":8,"column":null}},"line":5},"1":{"name":"saveDraft","decl":{"start":{"line":11,"column":22},"end":{"line":11,"column":32}},"loc":{"start":{"line":11,"column":64},"end":{"line":13,"column":null}},"line":11},"2":{"name":"clearDraft","decl":{"start":{"line":16,"column":22},"end":{"line":16,"column":50}},"loc":{"start":{"line":16,"column":50},"end":{"line":18,"column":null}},"line":16},"3":{"name":"hasDraft","decl":{"start":{"line":21,"column":22},"end":{"line":21,"column":51}},"loc":{"start":{"line":21,"column":51},"end":{"line":24,"column":null}},"line":21},"4":{"name":"getCollapsedIds","decl":{"start":{"line":27,"column":22},"end":{"line":27,"column":59}},"loc":{"start":{"line":27,"column":59},"end":{"line":30,"column":null}},"line":27},"5":{"name":"saveCollapsedIds","decl":{"start":{"line":33,"column":22},"end":{"line":33,"column":39}},"loc":{"start":{"line":33,"column":69},"end":{"line":35,"column":null}},"line":33}},"branchMap":{"0":{"loc":{"start":{"line":7,"column":9},"end":{"line":7,"column":null}},"type":"binary-expr","locations":[{"start":{"line":7,"column":9},"end":{"line":7,"column":28}},{"start":{"line":7,"column":28},"end":{"line":7,"column":null}}],"line":7},"1":{"loc":{"start":{"line":29,"column":9},"end":{"line":29,"column":null}},"type":"binary-expr","locations":[{"start":{"line":29,"column":9},"end":{"line":29,"column":32}},{"start":{"line":29,"column":32},"end":{"line":29,"column":null}}],"line":29}},"s":{"0":2,"1":2,"2":7,"3":6,"4":4,"5":2,"6":4,"7":4,"8":2,"9":2,"10":2},"f":{"0":7,"1":4,"2":2,"3":4,"4":2,"5":2},"b":{"0":[6,3],"1":[2,1]},"meta":{"lastBranch":2,"lastFunction":6,"lastStatement":11,"seen":{"s:1:18:1:Infinity":0,"s:2:22:2:Infinity":1,"f:5:22:5:50":0,"s:6:15:6:Infinity":2,"s:7:2:7:Infinity":3,"b:7:9:7:28:7:28:7:Infinity":0,"f:11:22:11:32":1,"s:12:2:12:Infinity":4,"f:16:22:16:50":2,"s:17:2:17:Infinity":5,"f:21:22:21:51":3,"s:22:16:22:Infinity":6,"s:23:2:23:Infinity":7,"f:27:22:27:59":4,"s:28:15:28:Infinity":8,"s:29:2:29:Infinity":9,"b:29:9:29:32:29:32:29:Infinity":1,"f:33:22:33:39":5,"s:34:2:34:Infinity":10}}}
,"/Users/nowhere/mycode/slidememos/src/storage/sync.ts": {"path":"/Users/nowhere/mycode/slidememos/src/storage/sync.ts","statementMap":{"0":{"start":{"line":6,"column":21},"end":{"line":6,"column":null}},"1":{"start":{"line":7,"column":2},"end":{"line":11,"column":null}},"2":{"start":{"line":16,"column":15},"end":{"line":16,"column":null}},"3":{"start":{"line":17,"column":2},"end":{"line":20,"column":null}},"4":{"start":{"line":25,"column":2},"end":{"line":25,"column":null}},"5":{"start":{"line":30,"column":19},"end":{"line":30,"column":null}},"6":{"start":{"line":31,"column":2},"end":{"line":33,"column":null}},"7":{"start":{"line":32,"column":4},"end":{"line":32,"column":null}},"8":{"start":{"line":34,"column":16},"end":{"line":34,"column":null}},"9":{"start":{"line":35,"column":2},"end":{"line":35,"column":null}}},"fnMap":{"0":{"name":"getSyncUsage","decl":{"start":{"line":5,"column":22},"end":{"line":5,"column":60}},"loc":{"start":{"line":5,"column":60},"end":{"line":12,"column":null}},"line":5},"1":{"name":"getSyncData","decl":{"start":{"line":15,"column":22},"end":{"line":15,"column":60}},"loc":{"start":{"line":15,"column":60},"end":{"line":21,"column":null}},"line":15},"2":{"name":"saveSyncMemos","decl":{"start":{"line":24,"column":22},"end":{"line":24,"column":36}},"loc":{"start":{"line":24,"column":66},"end":{"line":26,"column":null}},"line":24},"3":{"name":"canFitInSync","decl":{"start":{"line":29,"column":22},"end":{"line":29,"column":35}},"loc":{"start":{"line":29,"column":65},"end":{"line":36,"column":null}},"line":29}},"branchMap":{"0":{"loc":{"start":{"line":18,"column":11},"end":{"line":18,"column":null}},"type":"binary-expr","locations":[{"start":{"line":18,"column":11},"end":{"line":18,"column":25}},{"start":{"line":18,"column":25},"end":{"line":18,"column":null}}],"line":18},"1":{"loc":{"start":{"line":19,"column":14},"end":{"line":19,"column":null}},"type":"binary-expr","locations":[{"start":{"line":19,"column":14},"end":{"line":19,"column":31}},{"start":{"line":19,"column":31},"end":{"line":19,"column":null}}],"line":19},"2":{"loc":{"start":{"line":31,"column":2},"end":{"line":33,"column":null}},"type":"if","locations":[{"start":{"line":31,"column":2},"end":{"line":33,"column":null}},{"start":{},"end":{}}],"line":31}},"s":{"0":4,"1":4,"2":2,"3":2,"4":2,"5":3,"6":3,"7":1,"8":2,"9":2},"f":{"0":4,"1":2,"2":2,"3":3},"b":{"0":[2,1],"1":[2,1],"2":[1,2]},"meta":{"lastBranch":3,"lastFunction":4,"lastStatement":10,"seen":{"f:5:22:5:60":0,"s:6:21:6:Infinity":0,"s:7:2:11:Infinity":1,"f:15:22:15:60":1,"s:16:15:16:Infinity":2,"s:17:2:20:Infinity":3,"b:18:11:18:25:18:25:18:Infinity":0,"b:19:14:19:31:19:31:19:Infinity":1,"f:24:22:24:36":2,"s:25:2:25:Infinity":4,"f:29:22:29:35":3,"s:30:19:30:Infinity":5,"b:31:2:33:Infinity:undefined:undefined:undefined:undefined":2,"s:31:2:33:Infinity":6,"s:32:4:32:Infinity":7,"s:34:16:34:Infinity":8,"s:35:2:35:Infinity":9}}}
}
